I'm Vulcain number 127.0.0.1|3526 and i'm started !
Ouch ! My code has been hot reloaded. Ready !
Ouch ! My code has been hot reloaded. Ready !
Ouch ! My code has been hot reloaded. Ready !
Ouch ! My code has been hot reloaded. Ready !
Ouch ! My code has been hot reloaded. Ready !
Ouch ! My code has been hot reloaded. Ready !
Ouch ! My code has been hot reloaded. Ready !
I'm Vulcain number 127.0.0.1|3588 and i'm started !
Ouch ! My code has been hot reloaded. Ready !
Ouch ! My code has been hot reloaded. Ready !
Ouch ! My code has been hot reloaded. Ready !
Ouch ! My code has been hot reloaded. Ready !
Ouch ! My code has been hot reloaded. Ready !
#<OpenStruct products_urls=["http://www.amazon.fr/Brother-Telecopieur-photocopieuse-transfert-thermique/dp/B0006ZUFUO?SubscriptionId=AKIAJMEFP2BFMHZ6VEUA&tag=shopelia-21&linkCode=xm2&camp=2025&creative=165953&creativeASIN=B0006ZUFUO"], credentials=#<OpenStruct holder="Pierre Pollastri", number="1234567890123452", exp_month="12", exp_year="2013", cvv="123">>
I'm Vulcain number 127.0.0.1|9337 and i'm started !
Ouch ! My code has been hot reloaded. Ready !
#<OpenStruct products_urls=["http://www.amazon.fr/Brother-Telecopieur-photocopieuse-transfert-thermique/dp/B0006ZUFUO?SubscriptionId=AKIAJMEFP2BFMHZ6VEUA&tag=shopelia-21&linkCode=xm2&camp=2025&creative=165953&creativeASIN=B0006ZUFUO"], credentials=#<OpenStruct holder="Prixing Societe", number="4971410125316743", exp_month="2", exp_year="2015", cvv="078">>
#<OpenStruct products_urls=["http://www.amazon.fr/Brother-Telecopieur-photocopieuse-transfert-thermique/dp/B0006ZUFUO?SubscriptionId=AKIAJMEFP2BFMHZ6VEUA&tag=shopelia-21&linkCode=xm2&camp=2025&creative=165953&creativeASIN=B0006ZUFUO"], credentials=#<OpenStruct holder="Pierre Pollastri", number="1234567890123452", exp_month="12", exp_year="2013", cvv="123">>
#<OpenStruct products_urls=["http://www.amazon.fr/Majorette-212058140-Vehicule-Miniature-Pieces/dp/B004ZOXVRG?SubscriptionId=AKIAJMEFP2BFMHZ6VEUA&tag=shopelia-21&linkCode=xm2&camp=2025&creative=165953&creativeASIN=B004ZOXVRG"], credentials=#<OpenStruct holder="Alexandra Sirot", number="4973019766319110", exp_month="9", exp_year="2013", cvv="785">>
I'm Vulcain number 127.0.0.1|9341 and i'm started !
Ouch ! My code has been hot reloaded. Ready !
